1525873165365	geckodriver	INFO	geckodriver 0.20.1
1525873165373	geckodriver	INFO	Listening on 127.0.0.1:49467
1525873168490	mozrunner::runner	INFO	Running command: "C:\\Program Files\\Mozilla Firefox\\firefox.exe" "-marionette" "-profile" "C:\\Users\\Anna\\AppData\\Local\\Temp\\rust_mozprofile.9veYORjtdxT1"
1525873377327	geckodriver	INFO	geckodriver 0.20.1
1525873377342	geckodriver	INFO	Listening on 127.0.0.1:50488
1525873380436	mozrunner::runner	INFO	Running command: "C:\\Program Files\\Mozilla Firefox\\firefox.exe" "-marionette" "-profile" "C:\\Users\\Anna\\AppData\\Local\\Temp\\rust_mozprofile.wi7l4hbQnmVz"
Unable to read VR Path Registry from C:\Users\Anna\AppData\Local\openvr\openvrpaths.vrpath
1525873383252	Marionette	INFO	Enabled via --marionette
Unable to read VR Path Registry from C:\Users\Anna\AppData\Local\openvr\openvrpaths.vrpath
Unable to read VR Path Registry from C:\Users\Anna\AppData\Local\openvr\openvrpaths.vrpath
1525873387960	Marionette	INFO	Listening on port 50498
1525873390030	Marionette	WARN	TLS certificate errors will be ignored for this session
Unable to read VR Path Registry from C:\Users\Anna\AppData\Local\openvr\openvrpaths.vrpath
Unable to read VR Path Registry from C:\Users\Anna\AppData\Local\openvr\openvrpaths.vrpath
JavaScript warning: http://localhost:8000/static/vendor/js/jquery.min.js, line 1: Using //@ to indicate sourceMappingURL pragmas is deprecated. Use //# instead
[Parent 50696, Gecko_IOThread] WARNING: pipe error: 109: file z:/build/build/src/ipc/chromium/src/chrome/common/ipc_channel_win.cc, line 346
[Parent 50696, Gecko_IOThread] WARNING: pipe error: 109: file z:/build/build/src/ipc/chromium/src/chrome/common/ipc_channel_win.cc, line 346
*** UTM:SVC TimerManager:registerTimer called after profile-before-change notification. Ignoring timer registration for id: telemetry_modules_ping

###!!! [Child][MessageChannel::SendAndWait] Error: Channel error: cannot send/recv

1525873436995	geckodriver	INFO	geckodriver 0.20.1
1525873437002	geckodriver	INFO	Listening on 127.0.0.1:50725
1525873440147	mozrunner::runner	INFO	Running command: "C:\\Program Files\\Mozilla Firefox\\firefox.exe" "-marionette" "-profile" "C:\\Users\\Anna\\AppData\\Local\\Temp\\rust_mozprofile.Mayb0V8dCQsb"
Unable to read VR Path Registry from C:\Users\Anna\AppData\Local\openvr\openvrpaths.vrpath
1525873442468	Marionette	INFO	Enabled via --marionette
Unable to read VR Path Registry from C:\Users\Anna\AppData\Local\openvr\openvrpaths.vrpath
Unable to read VR Path Registry from C:\Users\Anna\AppData\Local\openvr\openvrpaths.vrpath
Unable to read VR Path Registry from C:\Users\Anna\AppData\Local\openvr\openvrpaths.vrpath
Unable to read VR Path Registry from C:\Users\Anna\AppData\Local\openvr\openvrpaths.vrpath
1525873445802	Marionette	INFO	Listening on port 50737
1525873446538	Marionette	WARN	TLS certificate errors will be ignored for this session
[Parent 48588, Gecko_IOThread] WARNING: pipe error: 109: file z:/build/build/src/ipc/chromium/src/chrome/common/ipc_channel_win.cc, line 346
[Child 45748, Chrome_ChildThread] WARNING: pipe error: 109: file z:/build/build/src/ipc/chromium/src/chrome/common/ipc_channel_win.cc, line 346
[Child 45748, Chrome[Parent 48588, Gecko_IOThread] WARNING: pipe error: 109: file z:/build/build/src/ipc/chromium/src/chrome/common/ipc_channel_win.cc, line 346
[Child 52028, Chrome_ChildThread] WARNING: pipe error: 109: file z:/build/build/src/ipc/chromium/src/chrome/common/ipc_channel_win.cc, line 346
[Child 52028, Chro
###!!! [Child][MessageChannel::SendAndWait] Error: Channel error: cannot send/recv

1525873529943	geckodriver	INFO	geckodriver 0.20.1
1525873529949	geckodriver	INFO	Listening on 127.0.0.1:50956
1525873533080	mozrunner::runner	INFO	Running command: "C:\\Program Files\\Mozilla Firefox\\firefox.exe" "-marionette" "-profile" "C:\\Users\\Anna\\AppData\\Local\\Temp\\rust_mozprofile.TSrhn6hN7Jja"
Unable to read VR Path Registry from C:\Users\Anna\AppData\Local\openvr\openvrpaths.vrpath
1525873533970	Marionette	INFO	Enabled via --marionette
Unable to read VR Path Registry from C:\Users\Anna\AppData\Local\openvr\openvrpaths.vrpath
Unable to read VR Path Registry from C:\Users\Anna\AppData\Local\openvr\openvrpaths.vrpath
Unable to read VR Path Registry from C:\Users\Anna\AppData\Local\openvr\openvrpaths.vrpath
Unable to read VR Path Registry from C:\Users\Anna\AppData\Local\openvr\openvrpaths.vrpath
1525873538018	Marionette	INFO	Listening on port 50970
1525873538456	Marionette	WARN	TLS certificate errors will be ignored for this session
[GFX1-]: Killing GPU process due to IPC reply timeout
[Parent 27632, Gecko_IOThread] WARNING: pipe error: 232: file z:/build/build/src/ipc/chromium/src/chrome/common/ipc_channel_win.cc, line 513

###!!! [Parent][RunMessage] Error: Channel error: cannot send/recv


###!!! [Parent][RunMessage] Error: Channel error: cannot send/recv


###!!! [Child][MessageChannel] Error: (msgtype=0x28002B,name=PCompositorBridge::Msg_ForcePresent) Channel error: cannot send/recv

[GFX1-]: Receive IPC close with reason=AbnormalShutdown
[GFX1-]: Receive IPC close with reason=AbnormalShutdown
[GFX1-]: Receive IPC close with reason=AbnormalShutdown

###!!! [Child][MessageChannel] Error: (msgtype=0x4C0016,name=PLayerTransaction::Msg_ClearCachedResources) Channel error: cannot send/recv


###!!! [Child][MessageChannel] Error: (msgtype=0x790003,name=PTexture::Msg_Destroy) Channel error: cannot send/recv


###!!! [Child][MessageChannel] Error: (msgtype=0x4C0007,name=PLayerTransaction::Msg_ReleaseCompositable) Channel error: cannot send/recv


###!!! [Child][MessageChannel] Error: (msgtype=0x790003,name=PTexture::Msg_Destroy) Channel error: cannot send/recv


###!!! [Child][MessageChannel] Error: (msgtype=0x4C0007,name=PLayerTransaction::Msg_ReleaseCompositable) Channel error: cannot send/recv


###!!! [Child][MessageChannel] Error: (msgtype=0x4C0006,name=PLayerTransaction::Msg_ReleaseLayer) Channel error: cannot send/recv


###!!! [Child][MessageChannel] Error: (msgtype=0x4C0006,name=PLayerTransaction::Msg_ReleaseLayer) Channel error: cannot send/recv


###!!! [Child][MessageChannel] Error: (msgtype=0x4C0006,name=PLayerTransaction::Msg_ReleaseLayer) Channel error: cannot send/recv


###!!! [Child][MessageChannel] Error: (msgtype=0x4C0006,name=PLayerTransaction::Msg_ReleaseLayer) Channel error: cannot send/recv


###!!! [Child][MessageChannel] Error: (msgtype=0x4C001F,name=PLayerTransaction::Msg_Shutdown) Channel error: cannot send/recv

[GFX1-]: Failed to connect GPU process
[GFX1-]: Receive IPC close with reason=AbnormalShutdown
[Child 38860, ImageBridgeChild] WARNING: failed to create pipe: 2: file z:/build/build/src/ipc/chromium/src/chrome/common/ipc_channel_win.cc, line 221
[Child 15200, ImageBridgeChild] WARNING: failed to create pipe: 2: file z:/build/build/src/ipc/chromium/src/chrome/common/ipc_channel_win.cc, line 221
[Child 18388, ImageBridgeChild] WARNING: failed to create pipe: 2: file z:/build/build/src/ipc/chromium/src/chrome/common/ipc_channel_win.cc, line 221
[Parent 27632, Gecko_IOThread] WARNING: pipe error: 109: file z:/build/build/src/ipc/chromium/src/chrome/common/ipc_channel_win.cc, line 346
[GFX1-]: [D3D11] failed to get compositor device.
[GFX1-]: [D3D11] Failed to init compositor with reason: FEATURE_FAILURE_D3D11_NO_DEVICE
[GFX1-]: Compositors might be mixed (3,1)
[Parent 27632, Gecko_IOThread] WARNING: pipe error: 109: file z:/build/build/src/ipc/chromium/src/chrome/common/ipc_channel_win.cc, line 346
[Parent 27632, Gecko_IOThread] WARNING: pipe error: 109: file z:/build/build/src/ipc/chromium/src/chrome/common/ipc_channel_win.cc, line 346
[Parent 27632, Gecko_IOThread] WARNING: pipe error: 109: file z:/build/build/src/ipc/chromium/src/chrome/common/ipc_channel_win.cc, line 346
[Child 18388, Chrome_ChildThread] WARNING: pipe error: 109: file z:/build/build/src/ipc/chromium/src/chrome/common/ipc_channel_win.cc, line 346
[Child 1838[Parent 27632, Gecko_IOThread] WARNING: pipe error: 109: file z:/build/build/src/ipc/chromium/src/chrome/common/ipc_channel_win.cc, line 346
rom C:\Users\Anna\AppData\Local\openvr\openvrpaths.vrpath
Unable to read VR Path Registry from C:\Users\Anna\AppData\Local\openvr\openvrpaths.vrpath
Unable to read VR Path Registry from C:\Users\Anna\AppData\Local\openvr\openvrpaths.vrpath
1525936825592	Marionette	INFO	Listening on port 55380
1525936828192	Marionette	WARN	TLS certificate errors will be ignored for this session
[Parent 46852, Gecko_IOThread] WARNING: pipe error: 109: file z:/build/build/src/ipc/chromium/src/chrome/common/ipc_channel_win.cc, line 346
[Parent 46852, Gecko_IOThread] WARNING: pipe error: 109: file z:/build/build/src/ipc/chromium/src/chrome/common/ipc_channel_win.cc, line 346
[Child 29260, Chrome_ChildThread] WARNING: pipe error: 109: file z:/build/build/src/ipc/chromium/src/chrome/common/ipc_channel_win.cc, line 346
[Child 29260, Chrome_ChildThread] WAR[Parent 46852, Gecko_IOThread] WARNING: pipe error: 109: file z:/build/build/src/ipc/chromium/src/chrome/common/ipc_channel_win.cc, line 346
[Child 41924, Chrome_ChildThread] WARNING: pipe error: 109: file z:/build/build/src/ipc/chromium/src/chrome/common/ipc_channel_win.cc, line 346
[Child 41924, Chrom*** UTM:SVC TimerManager:registerTimer called after profile-before-change notification. Ignoring timer registration for id: telemetry_modules_ping

###!!! [Child][MessageChannel::SendAndWait] Error: Channel error: cannot send/recv

1525939455445	geckodriver	INFO	geckodriver 0.20.1
1525939455466	geckodriver	INFO	Listening on 127.0.0.1:58160
1525939458560	mozrunner::runner	INFO	Running command: "C:\\Program Files\\Mozilla Firefox\\firefox.exe" "-marionette" "-profile" "C:\\Users\\Anna\\AppData\\Local\\Temp\\rust_mozprofile.pkW3QoWTeaZQ"
Unable to read VR Path Registry from C:\Users\Anna\AppData\Local\openvr\openvrpaths.vrpath
1525939462126	Marionette	INFO	Enabled via --marionette
Unable to read VR Path Registry from C:\Users\Anna\AppData\Local\openvr\openvrpaths.vrpath
Unable to read VR Path Registry from C:\Users\Anna\AppData\Local\openvr\openvrpaths.vrpath
Unable to read VR Path Registry from C:\Users\Anna\AppData\Local\openvr\openvrpaths.vrpath
Unable to read VR Path Registry from C:\Users\Anna\AppData\Local\openvr\openvrpaths.vrpath
1525939466330	Marionette	INFO	Listening on port 58180
1525939466550	Marionette	WARN	TLS certificate errors will be ignored for this session
1525939468864	addons.xpi	WARN	Exception running bootstrap method shutdown on activity-stream@mozilla.org: [Exception... "Component returned failure code: 0x80004005 (NS_ERROR_FAILURE) [nsIObserverService.removeObserver]"  nsresult: "0x80004005 (NS_ERROR_FAILURE)"  location: "JS frame :: resource://activity-stream/lib/SnippetsFeed.jsm :: uninit :: line 125"  data: no] Stack trace: uninit()@resource://activity-stream/lib/SnippetsFeed.jsm:125 < onAction()@resource://activity-stream/lib/SnippetsFeed.jsm:141 < _middleware/</<()@resource://activity-stream/lib/Store.jsm:51 < Store/this[method]()@resource://activity-stream/lib/Store.jsm:30 < uninit()@resource://activity-stream/lib/Store.jsm:153 < uninit()@resource://activity-stream/lib/ActivityStream.jsm:274 < uninit()@resource://gre/modules/addons/XPIProvider.jsm -> jar:file:///C:/Program%20Files/Mozilla%20Firefox/browser/features/activity-stream@mozilla.org.xpi!/bootstrap.js:80 < shutdown()@resource://gre/modules/addons/XPIProvider.jsm -> jar:file:///C:/Program%20Files/Mozilla%20Firefox/browser/features/activity-stream@mozilla.org.xpi!/bootstrap.js:196 < callBootstrapMethod()@resource://gre/modules/addons/XPIProvider.jsm:4419 < observe()@resource://gre/modules/addons/XPIProvider.jsm:2279 < GeckoDriver.prototype.quit()@driver.js:3270 < despatch()@server.js:557 < execute()@server.js:531 < onPacket/<()@server.js:506 < onPacket()@server.js:505 < _onJSONObjectReady/<()@transport.js:500
[Child 16136, Chrome_ChildThread] WARNING: pipe error: 109: file z:/build/build/src/ipc/chromium/src/chrome/common/ipc_channel_win.cc, line 346
[Child 16136, Chrome_ChildThread] W[Child 48192, Chrome_ChildThread] WARNING: pipe error: 109: file z:/build/build/src/ipc/chromium/src/chrome/common/ipc_channel_win.cc, line 346
[Child 48192, Chr[Parent 11384, Gecko_IOThread] WARNING: pipe error: 109: file z:/build/build/src/ipc/chromium/src/chrome/common/ipc_channel_win.cc, line 346
[Child 38596, Chrome_ChildThread] WARNING: pipe error: 109: file z:/build/build/src/ipc/chromium/src/chrome/common/ipc_channel_win.cc, line 346
[Child 38596*** UTM:SVC TimerManager:registerTimer called after profile-before-change notification. Ignoring timer registration for id: telemetry_modules_ping

###!!! [Child][MessageChannel::SendAndWait] Error: Channel error: cannot send/recv

